<?xml version="1.0" encoding="UTF-8"?>
<testng-results total="1" passed="1" failed="0" skipped="0">
  <reporter-output>
  </reporter-output>
  <suite started-at="2023-06-02T09:29:51Z" name="Default suite" finished-at="2023-06-02T09:30:00Z" duration-ms="8980">
    <groups>
    </groups>
    <test started-at="2023-06-02T09:29:51Z" name="Default test" finished-at="2023-06-02T09:30:00Z" duration-ms="8980">
      <class name="com.example.testingjava.Day7task5">
        <test-method signature="test1()[pri:0, instance:com.example.testingjava.Day7task5@4681c175]" started-at="2023-06-02T14:59:51Z" name="test1" finished-at="2023-06-02T15:00:00Z" duration-ms="8963" status="PASS">
          <reporter-output>
          </reporter-output>
        </test-method> <!-- test1 -->
      </class> <!-- com.example.testingjava.Day7task5 -->
    </test> <!-- Default test -->
  </suite> <!-- Default suite -->
</testng-results>
