<?xml version="1.0" encoding="UTF-8"?>
<!-- Generated by org.testng.reporters.JUnitXMLReporter -->
<testsuite hostname="LAPTOP-68E1F4DG" failures="0" tests="6" name="Default test" time="1.79" errors="0" timestamp="6 Jun 2023 10:31:27 GMT">
  <testcase classname="Day9.Day9.ExelTest" name="addMethod" time="0.258"/>
  <testcase classname="Day9.Day9.ExelTest" name="addMethod" time="0.054"/>
  <testcase classname="Day9.Day9.ExelTest" name="addMethod" time="0.043"/>
  <testcase classname="Day9.Day9.ExelTest" name="addMethod" time="0.044"/>
  <testcase classname="Day9.Day9.ExelTest" name="addMethod" time="0.04"/>
  <testcase classname="Day9.Day9.ExelTest" name="addMethod" time="0.035"/>
</testsuite> <!-- Default test -->
