<?xml version="1.0" encoding="UTF-8"?>
<testng-results total="6" passed="6" failed="0" skipped="0">
  <reporter-output>
  </reporter-output>
  <suite started-at="2023-06-06T10:31:25Z" name="Default suite" finished-at="2023-06-06T10:31:27Z" duration-ms="1790">
    <groups>
    </groups>
    <test started-at="2023-06-06T10:31:25Z" name="Default test" finished-at="2023-06-06T10:31:27Z" duration-ms="1790">
      <class name="Day9.Day9.ExelTest">
        <test-method signature="addMethod(double, double)[pri:0, instance:Day9.Day9.ExelTest@6e9a5ed8]" started-at="2023-06-06T16:01:26Z" name="addMethod" data-provider="testData" finished-at="2023-06-06T16:01:26Z" duration-ms="258" status="PASS">
          <params>
            <param index="0">
              <value>
                <![CDATA[0.0]]>
              </value>
            </param>
            <param index="1">
              <value>
                <![CDATA[0.0]]>
              </value>
            </param>
          </params>
          <reporter-output>
          </reporter-output>
        </test-method> <!-- addMethod -->
        <test-method signature="addMethod(double, double)[pri:0, instance:Day9.Day9.ExelTest@6e9a5ed8]" started-at="2023-06-06T16:01:26Z" name="addMethod" data-provider="testData" finished-at="2023-06-06T16:01:27Z" duration-ms="54" status="PASS">
          <params>
            <param index="0">
              <value>
                <![CDATA[2.0]]>
              </value>
            </param>
            <param index="1">
              <value>
                <![CDATA[22.0]]>
              </value>
            </param>
          </params>
          <reporter-output>
          </reporter-output>
        </test-method> <!-- addMethod -->
        <test-method signature="addMethod(double, double)[pri:0, instance:Day9.Day9.ExelTest@6e9a5ed8]" started-at="2023-06-06T16:01:27Z" name="addMethod" data-provider="testData" finished-at="2023-06-06T16:01:27Z" duration-ms="43" status="PASS">
          <params>
            <param index="0">
              <value>
                <![CDATA[3.0]]>
              </value>
            </param>
            <param index="1">
              <value>
                <![CDATA[33.0]]>
              </value>
            </param>
          </params>
          <reporter-output>
          </reporter-output>
        </test-method> <!-- addMethod -->
        <test-method signature="addMethod(double, double)[pri:0, instance:Day9.Day9.ExelTest@6e9a5ed8]" started-at="2023-06-06T16:01:27Z" name="addMethod" data-provider="testData" finished-at="2023-06-06T16:01:27Z" duration-ms="44" status="PASS">
          <params>
            <param index="0">
              <value>
                <![CDATA[4.0]]>
              </value>
            </param>
            <param index="1">
              <value>
                <![CDATA[44.0]]>
              </value>
            </param>
          </params>
          <reporter-output>
          </reporter-output>
        </test-method> <!-- addMethod -->
        <test-method signature="addMethod(double, double)[pri:0, instance:Day9.Day9.ExelTest@6e9a5ed8]" started-at="2023-06-06T16:01:27Z" name="addMethod" data-provider="testData" finished-at="2023-06-06T16:01:27Z" duration-ms="40" status="PASS">
          <params>
            <param index="0">
              <value>
                <![CDATA[6.0]]>
              </value>
            </param>
            <param index="1">
              <value>
                <![CDATA[66.0]]>
              </value>
            </param>
          </params>
          <reporter-output>
          </reporter-output>
        </test-method> <!-- addMethod -->
        <test-method signature="addMethod(double, double)[pri:0, instance:Day9.Day9.ExelTest@6e9a5ed8]" started-at="2023-06-06T16:01:27Z" name="addMethod" data-provider="testData" finished-at="2023-06-06T16:01:27Z" duration-ms="35" status="PASS">
          <params>
            <param index="0">
              <value>
                <![CDATA[5.0]]>
              </value>
            </param>
            <param index="1">
              <value>
                <![CDATA[55.0]]>
              </value>
            </param>
          </params>
          <reporter-output>
          </reporter-output>
        </test-method> <!-- addMethod -->
      </class> <!-- Day9.Day9.ExelTest -->
    </test> <!-- Default test -->
  </suite> <!-- Default suite -->
</testng-results>
